19:33:11 **** Incremental Build of configuration Debug for project COMPOSTARIO ****
make -j4 all 
arm-none-eabi-gcc "../Core/Src/hc-sr04.c" -mcpu=cortex-m3 -std=gnu11 -g3 -DDEBUG -DUSE_HAL_DRIVER -DSTM32F103xB -c -I../Core/Inc -I../Drivers/STM32F1xx_HAL_Driver/Inc -I../Drivers/STM32F1xx_HAL_Driver/Inc/Legacy -I../Drivers/CMSIS/Device/ST/STM32F1xx/Include -I../Drivers/CMSIS/Include -O0 -ffunction-sections -fdata-sections -Wall -fstack-usage -MMD -MP -MF"Core/Src/hc-sr04.d" -MT"Core/Src/hc-sr04.o" --specs=nano.specs -mfloat-abi=soft -mthumb -o "Core/Src/hc-sr04.o"
arm-none-eabi-gcc "../Core/Src/main.c" -mcpu=cortex-m3 -std=gnu11 -g3 -DDEBUG -DUSE_HAL_DRIVER -DSTM32F103xB -c -I../Core/Inc -I../Drivers/STM32F1xx_HAL_Driver/Inc -I../Drivers/STM32F1xx_HAL_Driver/Inc/Legacy -I../Drivers/CMSIS/Device/ST/STM32F1xx/Include -I../Drivers/CMSIS/Include -O0 -ffunction-sections -fdata-sections -Wall -fstack-usage -MMD -MP -MF"Core/Src/main.d" -MT"Core/Src/main.o" --specs=nano.specs -mfloat-abi=soft -mthumb -o "Core/Src/main.o"
../Core/Src/main.c: In function 'main':
../Core/Src/main.c:119:4: warning: implicit declaration of function 'sprintf' [-Wimplicit-function-declaration]
  119 |    sprintf(dist,"%u",distance);
      |    ^~~~~~~
../Core/Src/main.c:119:4: warning: incompatible implicit declaration of built-in function 'sprintf'
../Core/Src/main.c:28:1: note: include '<stdio.h>' or provide a declaration of 'sprintf'
   27 | #include "hc-sr04.h"
  +++ |+#include <stdio.h>
   28 | /* USER CODE END Includes */
arm-none-eabi-gcc -o "COMPOSTARIO.elf" @"objects.list"   -mcpu=cortex-m3 -T"C:\Users\Ezequiel\STM32CubeIDE\workspace_1.9.0\COMPOSTARIO\STM32F103C8TX_FLASH.ld" --specs=nosys.specs -Wl,-Map="COMPOSTARIO.map" -Wl,--gc-sections -static --specs=nano.specs -mfloat-abi=soft -mthumb -Wl,--start-group -lc -lm -Wl,--end-group
Finished building target: COMPOSTARIO.elf
 
arm-none-eabi-size   COMPOSTARIO.elf 
arm-none-eabi-objdump -h -S  COMPOSTARIO.elf  > "COMPOSTARIO.list"
   text	   data	    bss	    dec	    hex	filename
  11776	    120	   1680	  13576	   3508	COMPOSTARIO.elf
Finished building: default.size.stdout
 
Finished building: COMPOSTARIO.list
 
19:33:25 **** Incremental Build of configuration Debug for project COMPOSTARIO ****
make -j4 all 
arm-none-eabi-size   COMPOSTARIO.elf 
   text	   data	    bss	    dec	    hex	filename
  11776	    120	   1680	  13576	   3508	COMPOSTARIO.elf
Finished building: default.size.stdout
 
19:36:56 **** Incremental Build of configuration Debug for project COMPOSTARIO ****
make -j4 all 
arm-none-eabi-gcc "../Core/Src/hc-sr04.c" -mcpu=cortex-m3 -std=gnu11 -g3 -DDEBUG -DUSE_HAL_DRIVER -DSTM32F103xB -c -I../Core/Inc -I../Drivers/STM32F1xx_HAL_Driver/Inc -I../Drivers/STM32F1xx_HAL_Driver/Inc/Legacy -I../Drivers/CMSIS/Device/ST/STM32F1xx/Include -I../Drivers/CMSIS/Include -O0 -ffunction-sections -fdata-sections -Wall -fstack-usage -MMD -MP -MF"Core/Src/hc-sr04.d" -MT"Core/Src/hc-sr04.o" --specs=nano.specs -mfloat-abi=soft -mthumb -o "Core/Src/hc-sr04.o"
arm-none-eabi-gcc -o "COMPOSTARIO.elf" @"objects.list"   -mcpu=cortex-m3 -T"C:\Users\Ezequiel\STM32CubeIDE\workspace_1.9.0\COMPOSTARIO\STM32F103C8TX_FLASH.ld" --specs=nosys.specs -Wl,-Map="COMPOSTARIO.map" -Wl,--gc-sections -static --specs=nano.specs -mfloat-abi=soft -mthumb -Wl,--start-group -lc -lm -Wl,--end-group
Finished building target: COMPOSTARIO.elf
 
arm-none-eabi-size   COMPOSTARIO.elf 
arm-none-eabi-objdump -h -S  COMPOSTARIO.elf  > "COMPOSTARIO.list"
   text	   data	    bss	    dec	    hex	filename
  11776	    120	   1680	  13576	   3508	COMPOSTARIO.elf
Finished building: default.size.stdout
 
Finished building: COMPOSTARIO.list
 
19:38:11 **** Incremental Build of configuration Debug for project COMPOSTARIO ****
make -j4 all 
arm-none-eabi-size   COMPOSTARIO.elf 
   text	   data	    bss	    dec	    hex	filename
  11776	    120	   1680	  13576	   3508	COMPOSTARIO.elf
Finished building: default.size.stdout
 
19:39:11 **** Incremental Build of configuration Debug for project COMPOSTARIO ****
make -j4 all 
arm-none-eabi-size   COMPOSTARIO.elf 
   text	   data	    bss	    dec	    hex	filename
  11776	    120	   1680	  13576	   3508	COMPOSTARIO.elf
Finished building: default.size.stdout
 
19:40:54 **** Incremental Build of configuration Debug for project HC-SR04 ****
make -j4 all 
arm-none-eabi-size   HC-SR04.elf 
   text	   data	    bss	    dec	    hex	filename
   8592	     20	   1660	  10272	   2820	HC-SR04.elf
Finished building: default.size.stdout
 
19:42:33 **** Incremental Build of configuration Debug for project COMPOSTARIO ****
make -j4 all 
arm-none-eabi-gcc "../Core/Src/hc-sr04.c" -mcpu=cortex-m3 -std=gnu11 -g3 -DDEBUG -DUSE_HAL_DRIVER -DSTM32F103xB -c -I../Core/Inc -I../Drivers/STM32F1xx_HAL_Driver/Inc -I../Drivers/STM32F1xx_HAL_Driver/Inc/Legacy -I../Drivers/CMSIS/Device/ST/STM32F1xx/Include -I../Drivers/CMSIS/Include -O0 -ffunction-sections -fdata-sections -Wall -fstack-usage -MMD -MP -MF"Core/Src/hc-sr04.d" -MT"Core/Src/hc-sr04.o" --specs=nano.specs -mfloat-abi=soft -mthumb -o "Core/Src/hc-sr04.o"
../Core/Src/hc-sr04.c: In function 'measure_distance':
../Core/Src/hc-sr04.c:27:2: warning: this 'while' clause does not guard... [-Wmisleading-indentation]
   27 |  while (__HAL_TIM_GET_COUNTER (&timer) < 10);  // wait for 10 us
      |  ^~~~~
../Core/Src/hc-sr04.c:28:3: note: ...this statement, but the latter is misleadingly indented as if it were guarded by the 'while'
   28 |   HAL_GPIO_WritePin(TRIG_PORT, TRIG_PIN, GPIO_PIN_RESET); // pull the TRIG pin low
      |   ^~~~~~~~~~~~~~~~~
../Core/Src/hc-sr04.c:32:2: warning: this 'while' clause does not guard... [-Wmisleading-indentation]
   32 |  while (!(HAL_GPIO_ReadPin(ECHO_PORT, ECHO_PIN))&& pMillis + 10 > HAL_GetTick());
      |  ^~~~~
../Core/Src/hc-sr04.c:33:3: note: ...this statement, but the latter is misleadingly indented as if it were guarded by the 'while'
   33 |   Value1 = __HAL_TIM_GET_COUNTER(&timer);
      |   ^~~~~~
../Core/Src/hc-sr04.c:37:2: warning: this 'while' clause does not guard... [-Wmisleading-indentation]
   37 |  while ((HAL_GPIO_ReadPin(ECHO_PORT, ECHO_PIN))&& pMillis + 50 > HAL_GetTick());
      |  ^~~~~
../Core/Src/hc-sr04.c:38:3: note: ...this statement, but the latter is misleadingly indented as if it were guarded by the 'while'
   38 |   Value2 = __HAL_TIM_GET_COUNTER(&timer);
      |   ^~~~~~
arm-none-eabi-gcc -o "COMPOSTARIO.elf" @"objects.list"   -mcpu=cortex-m3 -T"C:\Users\Ezequiel\STM32CubeIDE\workspace_1.9.0\COMPOSTARIO\STM32F103C8TX_FLASH.ld" --specs=nosys.specs -Wl,-Map="COMPOSTARIO.map" -Wl,--gc-sections -static --specs=nano.specs -mfloat-abi=soft -mthumb -Wl,--start-group -lc -lm -Wl,--end-group
Finished building target: COMPOSTARIO.elf
 
arm-none-eabi-size   COMPOSTARIO.elf 
arm-none-eabi-objdump -h -S  COMPOSTARIO.elf  > "COMPOSTARIO.list"
   text	   data	    bss	    dec	    hex	filename
  11776	    120	   1680	  13576	   3508	COMPOSTARIO.elf
Finished building: default.size.stdout
 
Finished building: COMPOSTARIO.list
 
